<?xml version="1.0" encoding="UTF-8"?>
<testsuite xmlns:xsi="http://www.w3.org/2001/XMLSchema-instance" xsi:noNamespaceSchemaLocation="https://maven.apache.org/surefire/maven-surefire-plugin/xsd/surefire-test-report.xsd" version="3.0.2" name="com.healthCheck.HealthCheckApiApplicationTests" time="7.795" tests="8" errors="0" skipped="0" failures="0">
  <properties>
[...]
</properties>
  <testcase name="testGetRequestReturns200" classname="com.healthCheck.HealthCheckApiApplicationTests" time="1.039">
    <system-out><![CDATA[17:37:30.945 [main] INFO org.springframework.test.context.support.AnnotationConfigContextLoaderUtils -- Could not detect default configuration classes for test class [com.healthCheck.HealthCheckApiApplicationTests]: HealthCheckApiApplicationTests does not declare any static, non-private, non-final, nested classes annotated with @Configuration.
17:37:31.101 [main] INFO org.springframework.boot.test.context.SpringBootTestContextBootstrapper -- Found @SpringBootConfiguration com.healthCheck.HealthCheckApiApplication for test class com.healthCheck.HealthCheckApiApplicationTests
17:37:32.456 [main] INFO org.springframework.boot.devtools.restart.RestartApplicationListener -- Restart disabled due to context in which it is running

  .   ____          _            __ _ _
 /\\ / ___'_ __ _ _(_)_ __  __ _ \ \ \ \
( ( )\___ | '_ | '_| | '_ \/ _` | \ \ \ \
 \\/  ___)| |_)| | | | | || (_| |  ) ) ) )
  '  |____| .__|_| |_|_| |_\__, | / / / /
 =========|_|==============|___/=/_/_/_/

 :: Spring Boot ::                (v3.4.2)

2025-02-19T17:37:32.897-05:00  INFO 26156 --- [health-check-api] [           main] c.h.HealthCheckApiApplicationTests       : Starting HealthCheckApiApplicationTests using Java 21.0.6 with PID 26156 (started by shrut in C:\Users\shrut\OneDrive\Desktop\csye_6225\Shrutkeerti_Sangolkar_002304742_02\Shrutkeerti_Sangolkar_002304742_02\webapp)
2025-02-19T17:37:32.899-05:00  INFO 26156 --- [health-check-api] [           main] c.h.HealthCheckApiApplicationTests       : The following 1 profile is active: "test"
2025-02-19T17:37:33.954-05:00  INFO 26156 --- [health-check-api] [           main] .s.d.r.c.RepositoryConfigurationDelegate : Bootstrapping Spring Data JPA repositories in DEFAULT mode.
2025-02-19T17:37:34.018-05:00  INFO 26156 --- [health-check-api] [           main] .s.d.r.c.RepositoryConfigurationDelegate : Finished Spring Data repository scanning in 52 ms. Found 1 JPA repository interface.
2025-02-19T17:37:34.686-05:00  INFO 26156 --- [health-check-api] [           main] o.s.b.w.embedded.tomcat.TomcatWebServer  : Tomcat initialized with port 0 (http)
2025-02-19T17:37:34.700-05:00  INFO 26156 --- [health-check-api] [           main] o.apache.catalina.core.StandardService   : Starting service [Tomcat]
2025-02-19T17:37:34.700-05:00  INFO 26156 --- [health-check-api] [           main] o.apache.catalina.core.StandardEngine    : Starting Servlet engine: [Apache Tomcat/10.1.34]
2025-02-19T17:37:34.750-05:00  INFO 26156 --- [health-check-api] [           main] o.a.c.c.C.[Tomcat].[localhost].[/]       : Initializing Spring embedded WebApplicationContext
2025-02-19T17:37:34.751-05:00  INFO 26156 --- [health-check-api] [           main] w.s.c.ServletWebServerApplicationContext : Root WebApplicationContext: initialization completed in 1552 ms
2025-02-19T17:37:34.945-05:00  INFO 26156 --- [health-check-api] [           main] o.hibernate.jpa.internal.util.LogHelper  : HHH000204: Processing PersistenceUnitInfo [name: default]
2025-02-19T17:37:35.031-05:00  INFO 26156 --- [health-check-api] [           main] org.hibernate.Version                    : HHH000412: Hibernate ORM core version 6.6.5.Final
2025-02-19T17:37:35.072-05:00  INFO 26156 --- [health-check-api] [           main] o.h.c.internal.RegionFactoryInitiator    : HHH000026: Second-level cache disabled
2025-02-19T17:37:35.230-05:00  INFO 26156 --- [health-check-api] [           main] o.s.o.j.p.SpringPersistenceUnitInfo      : No LoadTimeWeaver setup: ignoring JPA class transformer
2025-02-19T17:37:35.262-05:00  INFO 26156 --- [health-check-api] [           main] com.zaxxer.hikari.HikariDataSource       : HikariPool-1 - Starting...
2025-02-19T17:37:35.466-05:00  INFO 26156 --- [health-check-api] [           main] com.zaxxer.hikari.pool.HikariPool        : HikariPool-1 - Added connection org.postgresql.jdbc.PgConnection@30adae45
2025-02-19T17:37:35.468-05:00  INFO 26156 --- [health-check-api] [           main] com.zaxxer.hikari.HikariDataSource       : HikariPool-1 - Start completed.
2025-02-19T17:37:35.499-05:00  WARN 26156 --- [health-check-api] [           main] org.hibernate.orm.deprecation            : HHH90000025: PostgreSQLDialect does not need to be specified explicitly using 'hibernate.dialect' (remove the property setting and it will be selected by default)
2025-02-19T17:37:35.519-05:00  INFO 26156 --- [health-check-api] [           main] org.hibernate.orm.connections.pooling    : HHH10001005: Database info:
	Database JDBC URL [Connecting through datasource 'HikariDataSource (HikariPool-1)']
	Database driver: undefined/unknown
	Database version: 17.2
	Autocommit mode: undefined/unknown
	Isolation level: undefined/unknown
	Minimum pool size: undefined/unknown
	Maximum pool size: undefined/unknown
2025-02-19T17:37:36.258-05:00  INFO 26156 --- [health-check-api] [           main] o.h.e.t.j.p.i.JtaPlatformInitiator       : HHH000489: No JTA platform available (set 'hibernate.transaction.jta.platform' to enable JTA platform integration)
2025-02-19T17:37:36.307-05:00  INFO 26156 --- [health-check-api] [           main] j.LocalContainerEntityManagerFactoryBean : Initialized JPA EntityManagerFactory for persistence unit 'default'
2025-02-19T17:37:36.661-05:00  WARN 26156 --- [health-check-api] [           main] JpaBaseConfiguration$JpaWebConfiguration : spring.jpa.open-in-view is enabled by default. Therefore, database queries may be performed during view rendering. Explicitly configure spring.jpa.open-in-view to disable this warning
2025-02-19T17:37:37.147-05:00  INFO 26156 --- [health-check-api] [           main] o.a.c.c.C.[Tomcat].[localhost].[/]       : Initializing Spring TestDispatcherServlet ''
2025-02-19T17:37:37.147-05:00  INFO 26156 --- [health-check-api] [           main] o.s.t.web.servlet.TestDispatcherServlet  : Initializing Servlet ''
2025-02-19T17:37:37.149-05:00  INFO 26156 --- [health-check-api] [           main] o.s.t.web.servlet.TestDispatcherServlet  : Completed initialization in 2 ms
2025-02-19T17:37:37.348-05:00  INFO 26156 --- [health-check-api] [           main] o.s.b.w.embedded.tomcat.TomcatWebServer  : Tomcat started on port 58914 (http) with context path '/'
2025-02-19T17:37:37.358-05:00  INFO 26156 --- [health-check-api] [           main] c.h.HealthCheckApiApplicationTests       : Started HealthCheckApiApplicationTests in 4.918 seconds (process running for 7.164)
2025-02-19T17:37:38.200-05:00  INFO 26156 --- [health-check-api] [o-auto-1-exec-1] o.a.c.c.C.[Tomcat].[localhost].[/]       : Initializing Spring DispatcherServlet 'dispatcherServlet'
2025-02-19T17:37:38.200-05:00  INFO 26156 --- [health-check-api] [o-auto-1-exec-1] o.s.web.servlet.DispatcherServlet        : Initializing Servlet 'dispatcherServlet'
2025-02-19T17:37:38.201-05:00  INFO 26156 --- [health-check-api] [o-auto-1-exec-1] o.s.web.servlet.DispatcherServlet        : Completed initialization in 1 ms
]]></system-out>
    <system-err><![CDATA[Mockito is currently self-attaching to enable the inline-mock-maker. This will no longer work in future releases of the JDK. Please add Mockito as an agent to your build what is described in Mockito's documentation: https://javadoc.io/doc/org.mockito/mockito-core/latest/org/mockito/Mockito.html#0.3
WARNING: A Java agent has been loaded dynamically (C:\Users\shrut\.m2\repository\net\bytebuddy\byte-buddy-agent\1.15.11\byte-buddy-agent-1.15.11.jar)
WARNING: If a serviceability tool is in use, please run with -XX:+EnableDynamicAgentLoading to hide this warning
WARNING: If a serviceability tool is not in use, please run with -Djdk.instrument.traceUsage for more information
WARNING: Dynamic loading of agents will be disallowed by default in a future release
]]></system-err>
  </testcase>
  <testcase name="testHeadMethodReturns405" classname="com.healthCheck.HealthCheckApiApplicationTests" time="0.018"/>
  <testcase name="testBadRequestWhenBodyIsPresent" classname="com.healthCheck.HealthCheckApiApplicationTests" time="0.032"/>
  <testcase name="testPutMethodReturns405" classname="com.healthCheck.HealthCheckApiApplicationTests" time="0.013"/>
  <testcase name="testPostMethodReturns405" classname="com.healthCheck.HealthCheckApiApplicationTests" time="0.02"/>
  <testcase name="testDeleteMethodReturns405" classname="com.healthCheck.HealthCheckApiApplicationTests" time="0.015"/>
  <testcase name="testBadRequestWhenQueryParamIsPresent" classname="com.healthCheck.HealthCheckApiApplicationTests" time="0.023"/>
  <testcase name="testOptionsMethodReturns405" classname="com.healthCheck.HealthCheckApiApplicationTests" time="0.015"/>
</testsuite>